build/app/intermediates/manifest_merge_blame_file/release/manifest-merger-blame-release-report.txt
1<?xml version="1.0" encoding="utf-8"?>
2<manifest xmlns:android="http://schemas.android.com/apk/res/android"
3    package="com.example.linkendin"
4    android:versionCode="1"
5    android:versionName="1.0.0" >
6
7    <uses-sdk
8        android:minSdkVersion="20"
8-->src/main/AndroidManifest.xml
9        android:targetSdkVersion="31" />
9-->src/main/AndroidManifest.xml
10
11    <uses-permission android:name="android.permission.INTERNET" />
11-->src/main/AndroidManifest.xml:4:5-66
11-->src/main/AndroidManifest.xml:4:22-64
12    <uses-permission android:name="android.permission.ACCESS_NETWORK_STATE" />
12-->src/main/AndroidManifest.xml:5:5-79
12-->src/main/AndroidManifest.xml:5:22-76
13
14    <application
15        android:name="android.app.Application"
15-->src/main/AndroidManifest.xml:9:9-42
16        android:appComponentFactory="androidx.core.app.CoreComponentFactory"
16-->[androidx.core:core:1.6.0] AndroidManifest.xml:24:18-86
17        android:icon="@mipmap/ic_launcher"
17-->src/main/AndroidManifest.xml:10:9-43
18        android:label="linkendin" >
18-->src/main/AndroidManifest.xml:8:9-34
19        <activity
19-->src/main/AndroidManifest.xml:11:9-31:20
20            android:name="com.example.linkendin.MainActivity"
20-->src/main/AndroidManifest.xml:12:13-41
21            android:configChanges="orientation|keyboardHidden|keyboard|screenSize|smallestScreenSize|locale|layoutDirection|fontScale|screenLayout|density|uiMode"
21-->src/main/AndroidManifest.xml:16:13-163
22            android:exported="true"
22-->src/main/AndroidManifest.xml:13:13-36
23            android:hardwareAccelerated="true"
23-->src/main/AndroidManifest.xml:17:13-47
24            android:launchMode="singleTop"
24-->src/main/AndroidManifest.xml:14:13-43
25            android:theme="@style/LaunchTheme"
25-->src/main/AndroidManifest.xml:15:13-47
26            android:windowSoftInputMode="adjustResize" >
26-->src/main/AndroidManifest.xml:18:13-55
27
28            <!--
29                 Specifies an Android theme to apply to this Activity as soon as
30                 the Android process has started. This theme is visible to the user
31                 while the Flutter UI initializes. After that, this theme continues
32                 to determine the Window background behind the Flutter UI.
33            -->
34            <meta-data
34-->src/main/AndroidManifest.xml:23:13-26:17
35                android:name="io.flutter.embedding.android.NormalTheme"
35-->src/main/AndroidManifest.xml:24:15-70
36                android:resource="@style/NormalTheme" />
36-->src/main/AndroidManifest.xml:25:15-52
37
38            <intent-filter>
38-->src/main/AndroidManifest.xml:27:13-30:29
39                <action android:name="android.intent.action.MAIN" />
39-->src/main/AndroidManifest.xml:28:17-68
39-->src/main/AndroidManifest.xml:28:25-66
40
41                <category android:name="android.intent.category.LAUNCHER" />
41-->src/main/AndroidManifest.xml:29:17-76
41-->src/main/AndroidManifest.xml:29:27-74
42            </intent-filter>
43        </activity>
44        <!--
45             Don't delete the meta-data below.
46             This is used by the Flutter tool to generate GeneratedPluginRegistrant.java
47        -->
48        <meta-data
48-->src/main/AndroidManifest.xml:34:9-36:33
49            android:name="flutterEmbedding"
49-->src/main/AndroidManifest.xml:35:13-44
50            android:value="2" />
50-->src/main/AndroidManifest.xml:36:13-30
51
52        <service
52-->[:firebase_auth] AndroidManifest.xml:8:9-12:19
53            android:name="com.google.firebase.components.ComponentDiscoveryService"
53-->[:firebase_auth] AndroidManifest.xml:8:18-89
54            android:directBootAware="true"
54-->[com.google.firebase:firebase-common:20.0.0] AndroidManifest.xml:35:13-43
55            android:exported="false" >
55-->[com.google.firebase:firebase-auth:21.0.1] AndroidManifest.xml:76:13-37
56            <meta-data
56-->[:firebase_auth] AndroidManifest.xml:9:13-11:85
57                android:name="com.google.firebase.components:io.flutter.plugins.firebase.auth.FlutterFirebaseAuthRegistrar"
57-->[:firebase_auth] AndroidManifest.xml:10:17-124
58                android:value="com.google.firebase.components.ComponentRegistrar" />
58-->[:firebase_auth] AndroidManifest.xml:11:17-82
59            <meta-data
59-->[:cloud_firestore] AndroidManifest.xml:9:13-11:85
60                android:name="com.google.firebase.components:io.flutter.plugins.firebase.firestore.FlutterFirebaseFirestoreRegistrar"
60-->[:cloud_firestore] AndroidManifest.xml:10:17-134
61                android:value="com.google.firebase.components.ComponentRegistrar" />
61-->[:cloud_firestore] AndroidManifest.xml:11:17-82
62            <meta-data
62-->[:firebase_core] AndroidManifest.xml:9:13-11:85
63                android:name="com.google.firebase.components:io.flutter.plugins.firebase.core.FlutterFirebaseCoreRegistrar"
63-->[:firebase_core] AndroidManifest.xml:10:17-124
64                android:value="com.google.firebase.components.ComponentRegistrar" />
64-->[:firebase_core] AndroidManifest.xml:11:17-82
65            <meta-data
65-->[com.google.firebase:firebase-auth:21.0.1] AndroidManifest.xml:77:13-79:85
66                android:name="com.google.firebase.components:com.google.firebase.auth.FirebaseAuthRegistrar"
66-->[com.google.firebase:firebase-auth:21.0.1] AndroidManifest.xml:78:17-109
67                android:value="com.google.firebase.components.ComponentRegistrar" />
67-->[com.google.firebase:firebase-auth:21.0.1] AndroidManifest.xml:79:17-82
68            <meta-data
68-->[com.google.firebase:firebase-firestore:24.0.1] AndroidManifest.xml:20:13-22:85
69                android:name="com.google.firebase.components:com.google.firebase.firestore.FirestoreRegistrar"
69-->[com.google.firebase:firebase-firestore:24.0.1] AndroidManifest.xml:21:17-111
70                android:value="com.google.firebase.components.ComponentRegistrar" />
70-->[com.google.firebase:firebase-firestore:24.0.1] AndroidManifest.xml:22:17-82
71        </service>
72
73        <uses-library
73-->[androidx.window:window:1.0.0-beta04] AndroidManifest.xml:25:9-27:40
74            android:name="androidx.window.extensions"
74-->[androidx.window:window:1.0.0-beta04] AndroidManifest.xml:26:13-54
75            android:required="false" />
75-->[androidx.window:window:1.0.0-beta04] AndroidManifest.xml:27:13-37
76        <uses-library
76-->[androidx.window:window:1.0.0-beta04] AndroidManifest.xml:28:9-30:40
77            android:name="androidx.window.sidecar"
77-->[androidx.window:window:1.0.0-beta04] AndroidManifest.xml:29:13-51
78            android:required="false" />
78-->[androidx.window:window:1.0.0-beta04] AndroidManifest.xml:30:13-37
79
80        <activity
80-->[com.google.firebase:firebase-auth:21.0.1] AndroidManifest.xml:27:9-44:20
81            android:name="com.google.firebase.auth.internal.GenericIdpActivity"
81-->[com.google.firebase:firebase-auth:21.0.1] AndroidManifest.xml:28:13-80
82            android:excludeFromRecents="true"
82-->[com.google.firebase:firebase-auth:21.0.1] AndroidManifest.xml:29:13-46
83            android:exported="true"
83-->[com.google.firebase:firebase-auth:21.0.1] AndroidManifest.xml:30:13-36
84            android:launchMode="singleTask"
84-->[com.google.firebase:firebase-auth:21.0.1] AndroidManifest.xml:31:13-44
85            android:theme="@android:style/Theme.Translucent.NoTitleBar" >
85-->[com.google.firebase:firebase-auth:21.0.1] AndroidManifest.xml:32:13-72
86            <intent-filter>
86-->[com.google.firebase:firebase-auth:21.0.1] AndroidManifest.xml:33:13-43:29
87                <action android:name="android.intent.action.VIEW" />
87-->[com.google.firebase:firebase-auth:21.0.1] AndroidManifest.xml:34:17-69
87-->[com.google.firebase:firebase-auth:21.0.1] AndroidManifest.xml:34:25-66
88
89                <category android:name="android.intent.category.DEFAULT" />
89-->[com.google.firebase:firebase-auth:21.0.1] AndroidManifest.xml:36:17-76
89-->[com.google.firebase:firebase-auth:21.0.1] AndroidManifest.xml:36:27-73
90                <category android:name="android.intent.category.BROWSABLE" />
90-->[com.google.firebase:firebase-auth:21.0.1] AndroidManifest.xml:37:17-78
90-->[com.google.firebase:firebase-auth:21.0.1] AndroidManifest.xml:37:27-75
91
92                <data
92-->[com.google.firebase:firebase-auth:21.0.1] AndroidManifest.xml:39:17-42:51
93                    android:host="firebase.auth"
93-->[com.google.firebase:firebase-auth:21.0.1] AndroidManifest.xml:40:21-49
94                    android:path="/"
94-->[com.google.firebase:firebase-auth:21.0.1] AndroidManifest.xml:41:21-37
95                    android:scheme="genericidp" />
95-->[com.google.firebase:firebase-auth:21.0.1] AndroidManifest.xml:42:21-48
96            </intent-filter>
97        </activity>
98        <activity
98-->[com.google.firebase:firebase-auth:21.0.1] AndroidManifest.xml:45:9-62:20
99            android:name="com.google.firebase.auth.internal.RecaptchaActivity"
99-->[com.google.firebase:firebase-auth:21.0.1] AndroidManifest.xml:46:13-79
100            android:excludeFromRecents="true"
100-->[com.google.firebase:firebase-auth:21.0.1] AndroidManifest.xml:47:13-46
101            android:exported="true"
101-->[com.google.firebase:firebase-auth:21.0.1] AndroidManifest.xml:48:13-36
102            android:launchMode="singleTask"
102-->[com.google.firebase:firebase-auth:21.0.1] AndroidManifest.xml:49:13-44
103            android:theme="@android:style/Theme.Translucent.NoTitleBar" >
103-->[com.google.firebase:firebase-auth:21.0.1] AndroidManifest.xml:50:13-72
104            <intent-filter>
104-->[com.google.firebase:firebase-auth:21.0.1] AndroidManifest.xml:51:13-61:29
105                <action android:name="android.intent.action.VIEW" />
105-->[com.google.firebase:firebase-auth:21.0.1] AndroidManifest.xml:34:17-69
105-->[com.google.firebase:firebase-auth:21.0.1] AndroidManifest.xml:34:25-66
106
107                <category android:name="android.intent.category.DEFAULT" />
107-->[com.google.firebase:firebase-auth:21.0.1] AndroidManifest.xml:36:17-76
107-->[com.google.firebase:firebase-auth:21.0.1] AndroidManifest.xml:36:27-73
108                <category android:name="android.intent.category.BROWSABLE" />
108-->[com.google.firebase:firebase-auth:21.0.1] AndroidManifest.xml:37:17-78
108-->[com.google.firebase:firebase-auth:21.0.1] AndroidManifest.xml:37:27-75
109
110                <data
110-->[com.google.firebase:firebase-auth:21.0.1] AndroidManifest.xml:39:17-42:51
111                    android:host="firebase.auth"
111-->[com.google.firebase:firebase-auth:21.0.1] AndroidManifest.xml:40:21-49
112                    android:path="/"
112-->[com.google.firebase:firebase-auth:21.0.1] AndroidManifest.xml:41:21-37
113                    android:scheme="recaptcha" />
113-->[com.google.firebase:firebase-auth:21.0.1] AndroidManifest.xml:42:21-48
114            </intent-filter>
115        </activity>
116
117        <service
117-->[com.google.firebase:firebase-auth:21.0.1] AndroidManifest.xml:64:9-73:19
118            android:name="com.google.firebase.auth.api.fallback.service.FirebaseAuthFallbackService"
118-->[com.google.firebase:firebase-auth:21.0.1] AndroidManifest.xml:65:13-101
119            android:enabled="true"
119-->[com.google.firebase:firebase-auth:21.0.1] AndroidManifest.xml:66:13-35
120            android:exported="false" >
120-->[com.google.firebase:firebase-auth:21.0.1] AndroidManifest.xml:67:13-37
121            <intent-filter>
121-->[com.google.firebase:firebase-auth:21.0.1] AndroidManifest.xml:68:13-72:29
122                <action android:name="com.google.firebase.auth.api.gms.service.START" />
122-->[com.google.firebase:firebase-auth:21.0.1] AndroidManifest.xml:69:17-89
122-->[com.google.firebase:firebase-auth:21.0.1] AndroidManifest.xml:69:25-86
123
124                <category android:name="android.intent.category.DEFAULT" />
124-->[com.google.firebase:firebase-auth:21.0.1] AndroidManifest.xml:36:17-76
124-->[com.google.firebase:firebase-auth:21.0.1] AndroidManifest.xml:36:27-73
125            </intent-filter>
126        </service>
127
128        <provider
128-->[com.google.firebase:firebase-common:20.0.0] AndroidManifest.xml:26:9-31:39
129            android:name="com.google.firebase.provider.FirebaseInitProvider"
129-->[com.google.firebase:firebase-common:20.0.0] AndroidManifest.xml:27:13-77
130            android:authorities="com.example.linkendin.firebaseinitprovider"
130-->[com.google.firebase:firebase-common:20.0.0] AndroidManifest.xml:28:13-72
131            android:directBootAware="true"
131-->[com.google.firebase:firebase-common:20.0.0] AndroidManifest.xml:29:13-43
132            android:exported="false"
132-->[com.google.firebase:firebase-common:20.0.0] AndroidManifest.xml:30:13-37
133            android:initOrder="100" />
133-->[com.google.firebase:firebase-common:20.0.0] AndroidManifest.xml:31:13-36
134
135        <activity
135-->[com.google.android.gms:play-services-base:17.1.0] AndroidManifest.xml:23:9-26:75
136            android:name="com.google.android.gms.common.api.GoogleApiActivity"
136-->[com.google.android.gms:play-services-base:17.1.0] AndroidManifest.xml:24:13-79
137            android:exported="false"
137-->[com.google.android.gms:play-services-base:17.1.0] AndroidManifest.xml:25:13-37
138            android:theme="@android:style/Theme.Translucent.NoTitleBar" />
138-->[com.google.android.gms:play-services-base:17.1.0] AndroidManifest.xml:26:13-72
139
140        <meta-data
140-->[com.google.android.gms:play-services-basement:17.1.0] AndroidManifest.xml:23:9-25:69
141            android:name="com.google.android.gms.version"
141-->[com.google.android.gms:play-services-basement:17.1.0] AndroidManifest.xml:24:13-58
142            android:value="@integer/google_play_services_version" />
142-->[com.google.android.gms:play-services-basement:17.1.0] AndroidManifest.xml:25:13-66
143    </application>
144
145</manifest>